c:\github\cplusplus\survival reckoning\survival reckoning\x64\debug\vc143.pdb
c:\github\cplusplus\survival reckoning\survival reckoning\x64\debug\vc143.idb
c:\github\cplusplus\survival reckoning\survival reckoning\x64\debug\window.obj
c:\github\cplusplus\survival reckoning\survival reckoning\x64\debug\main.obj
c:\github\cplusplus\survival reckoning\survival reckoning\x64\debug\imgui_widgets.obj
c:\github\cplusplus\survival reckoning\survival reckoning\x64\debug\imgui_tables.obj
c:\github\cplusplus\survival reckoning\survival reckoning\x64\debug\imgui_impl_opengl3.obj
c:\github\cplusplus\survival reckoning\survival reckoning\x64\debug\imgui_impl_glfw.obj
c:\github\cplusplus\survival reckoning\survival reckoning\x64\debug\imgui_draw.obj
c:\github\cplusplus\survival reckoning\survival reckoning\x64\debug\imgui_demo.obj
c:\github\cplusplus\survival reckoning\survival reckoning\x64\debug\imgui.obj
c:\github\cplusplus\survival reckoning\survival reckoning\x64\debug\graphicscontext.obj
c:\github\cplusplus\survival reckoning\survival reckoning\x64\debug\graphicsapi.obj
c:\github\cplusplus\survival reckoning\survival reckoning\x64\debug\engine.obj
c:\github\cplusplus\survival reckoning\survival reckoning\x64\debug\applicationservice.obj
c:\github\cplusplus\survival reckoning\survival reckoning\x64\debug\glad.obj
c:\github\cplusplus\survival reckoning\survival reckoning\x64\debug\renderer.obj
c:\github\cplusplus\survival reckoning\survival reckoning\x64\debug\component.obj
c:\github\cplusplus\survival reckoning\survival reckoning\x64\debug\poolapi.obj
c:\github\cplusplus\survival reckoning\survival reckoning\x64\debug\srmmgame.obj
c:\github\cplusplus\survival reckoning\survival reckoning\x64\debug\survivalreckoning.obj
c:\github\cplusplus\survival reckoning\survival reckoning\x64\debug\shader.obj
c:\github\cplusplus\survival reckoning\survival reckoning\x64\debug\filesystem.obj
c:\github\cplusplus\survival reckoning\survival reckoning\x64\debug\survival reckoning.ilk
c:\github\cplusplus\survival reckoning\x64\debug\survival reckoning.pdb
c:\github\cplusplus\survival reckoning\survival reckoning\x64\debug\survival.4a601641.tlog\cl.command.1.tlog
c:\github\cplusplus\survival reckoning\survival reckoning\x64\debug\survival.4a601641.tlog\cl.items.tlog
c:\github\cplusplus\survival reckoning\survival reckoning\x64\debug\survival.4a601641.tlog\cl.read.1.tlog
c:\github\cplusplus\survival reckoning\survival reckoning\x64\debug\survival.4a601641.tlog\cl.write.1.tlog
c:\github\cplusplus\survival reckoning\survival reckoning\x64\debug\survival.4a601641.tlog\link-cvtres.read.1.tlog
c:\github\cplusplus\survival reckoning\survival reckoning\x64\debug\survival.4a601641.tlog\link-cvtres.write.1.tlog
c:\github\cplusplus\survival reckoning\survival reckoning\x64\debug\survival.4a601641.tlog\link-rc.read.1.tlog
c:\github\cplusplus\survival reckoning\survival reckoning\x64\debug\survival.4a601641.tlog\link-rc.write.1.tlog
c:\github\cplusplus\survival reckoning\survival reckoning\x64\debug\survival.4a601641.tlog\link.9144-cvtres.read.1.tlog
c:\github\cplusplus\survival reckoning\survival reckoning\x64\debug\survival.4a601641.tlog\link.9144-cvtres.write.1.tlog
c:\github\cplusplus\survival reckoning\survival reckoning\x64\debug\survival.4a601641.tlog\link.9144-rc.read.1.tlog
c:\github\cplusplus\survival reckoning\survival reckoning\x64\debug\survival.4a601641.tlog\link.9144-rc.write.1.tlog
c:\github\cplusplus\survival reckoning\survival reckoning\x64\debug\survival.4a601641.tlog\link.9144.read.1.tlog
c:\github\cplusplus\survival reckoning\survival reckoning\x64\debug\survival.4a601641.tlog\link.9144.read.2.tlog
c:\github\cplusplus\survival reckoning\survival reckoning\x64\debug\survival.4a601641.tlog\link.9144.write.1.tlog
c:\github\cplusplus\survival reckoning\survival reckoning\x64\debug\survival.4a601641.tlog\link.command.1.tlog
c:\github\cplusplus\survival reckoning\survival reckoning\x64\debug\survival.4a601641.tlog\link.read.1.tlog
c:\github\cplusplus\survival reckoning\survival reckoning\x64\debug\survival.4a601641.tlog\link.read.2.tlog
c:\github\cplusplus\survival reckoning\survival reckoning\x64\debug\survival.4a601641.tlog\link.secondary.1.tlog
c:\github\cplusplus\survival reckoning\survival reckoning\x64\debug\survival.4a601641.tlog\link.write.1.tlog
